This is pdfTeX, Version 3.14159265-2.6-1.40.21 (MiKTeX 20.6.29) (preloaded format=pdflatex 2020.9.28)  28 SEP 2020 12:22
entering extended mode
**./797B_PS1_JL.tex
(797B_PS1_JL.tex
LaTeX2e <2020-02-02> patch level 5
L3 programming layer <2020-06-18>
(C:\Users\User\AppData\Local\Programs\MiKTeX\tex/latex/base\article.cls
Document Class: article 2019/12/20 v1.4l Standard LaTeX document class
(C:\Users\User\AppData\Local\Programs\MiKTeX\tex/latex/base\size12.clo
File: size12.clo 2019/12/20 v1.4l Standard LaTeX file (size option)
)
\c@part=\count167
\c@section=\count168
\c@subsection=\count169
\c@subsubsection=\count170
\c@paragraph=\count171
\c@subparagraph=\count172
\c@figure=\count173
\c@table=\count174
\abovecaptionskip=\skip47
\belowcaptionskip=\skip48
\bibindent=\dimen134
)
(stata.sty
Package: stata 2013/10/23 v1.34 LaTeX package for Stata code

(C:\Users\User\AppData\Local\Programs\MiKTeX\tex/latex/base\alltt.sty
Package: alltt 1997/06/16 v2.0g defines alltt environment
)
(C:\Users\User\AppData\Local\Programs\MiKTeX\tex/latex/tools\calc.sty
Package: calc 2017/05/25 v4.3 Infix arithmetic (KKT,FJ)
\calc@Acount=\count175
\calc@Bcount=\count176
\calc@Adimen=\dimen135
\calc@Bdimen=\dimen136
\calc@Askip=\skip49
\calc@Bskip=\skip50
LaTeX Info: Redefining \setlength on input line 80.
LaTeX Info: Redefining \addtolength on input line 81.
\calc@Ccount=\count177
\calc@Cskip=\skip51
)
(C:\Users\User\AppData\Local\Programs\MiKTeX\tex/latex/base\ifthen.sty
Package: ifthen 2014/09/29 v1.1c Standard LaTeX ifthen package (DPC)
)
\st@box=\box45
\st@box@wd=\dimen137
\st@box@ht=\dimen138
\st@box@dp=\dimen139
\stsyndent=\skip52
\streswidth=\skip53
\st@parindent=\skip54
\stexamplehskip=\skip55
\sttechhskip=\skip56
\st@ttbox@box=\box46
\st@ttbox@framesep=\dimen140
\ttboxIndent=\dimen141
\ttboxWd=\dimen142
\st@ttbox@boxwd=\dimen143
\st@box=\box47
\st@emptywidth=\skip57
\st@linesize=\skip58
\st@maxdepth=\skip59
\st@maxheight=\skip60
\st@mbdepth=\skip61
\st@mtdepth=\skip62
\st@xheight=\skip63
\st@xwidth=\skip64
\st@N=\count178
)
(C:\Users\User\AppData\Local\Programs\MiKTeX\tex/latex/graphics\graphicx.sty
Package: graphicx 2019/11/30 v1.2a Enhanced LaTeX Graphics (DPC,SPQR)

(C:\Users\User\AppData\Local\Programs\MiKTeX\tex/latex/graphics\keyval.sty
Package: keyval 2014/10/28 v1.15 key=value parser (DPC)
\KV@toks@=\toks15
)
(C:\Users\User\AppData\Local\Programs\MiKTeX\tex/latex/graphics\graphics.sty
Package: graphics 2019/11/30 v1.4a Standard LaTeX Graphics (DPC,SPQR)

(C:\Users\User\AppData\Local\Programs\MiKTeX\tex/latex/graphics\trig.sty
Package: trig 2016/01/03 v1.10 sin cos tan (DPC)
)
(C:\Users\User\AppData\Local\Programs\MiKTeX\tex/latex/graphics-cfg\graphics.cf
g
File: graphics.cfg 2016/06/04 v1.11 sample graphics configuration
)
Package graphics Info: Driver file: pdftex.def on input line 105.

(C:\Users\User\AppData\Local\Programs\MiKTeX\tex/latex/graphics-def\pdftex.def
File: pdftex.def 2018/01/08 v1.0l Graphics/color driver for pdftex
))
\Gin@req@height=\dimen144
\Gin@req@width=\dimen145
) (C:\Users\User\AppData\Local\Programs\MiKTeX\tex/latex/geometry\geometry.sty
Package: geometry 2020/01/02 v5.9 Page Geometry
(C:\Users\User\AppData\Local\Programs\MiKTeX\tex/generic/iftex\ifvtex.sty
Package: ifvtex 2019/10/25 v1.7 ifvtex legacy package. Use iftex instead.

(C:\Users\User\AppData\Local\Programs\MiKTeX\tex/generic/iftex\iftex.sty
Package: iftex 2020/03/06 v1.0d TeX engine tests
))
\Gm@cnth=\count179
\Gm@cntv=\count180
\c@Gm@tempcnt=\count181
\Gm@bindingoffset=\dimen146
\Gm@wd@mp=\dimen147
\Gm@odd@mp=\dimen148
\Gm@even@mp=\dimen149
\Gm@layoutwidth=\dimen150
\Gm@layoutheight=\dimen151
\Gm@layouthoffset=\dimen152
\Gm@layoutvoffset=\dimen153
\Gm@dimlist=\toks16

(C:\Users\User\AppData\Local\Programs\MiKTeX\tex/latex/geometry\geometry.cfg))
(C:\Users\User\AppData\Local\Programs\MiKTeX\tex/latex/graphics\rotating.sty
Package: rotating 2016/08/11 v2.16d rotated objects in LaTeX
\c@r@tfl@t=\count182
\rotFPtop=\skip65
\rotFPbot=\skip66
\rot@float@box=\box48
\rot@mess@toks=\toks17
)
(C:\Users\User\AppData\Local\Programs\MiKTeX\tex/latex/l3backend\l3backend-pdfm
ode.def
File: l3backend-pdfmode.def 2020-06-29 L3 backend support: PDF mode
\l__kernel_color_stack_int=\count183
\l__pdf_internal_box=\box49
) (797B_PS1_JL.aux)
\openout1 = `797B_PS1_JL.aux'.

LaTeX Font Info:    Checking defaults for OML/cmm/m/it on input line 6.
LaTeX Font Info:    ... okay on input line 6.
LaTeX Font Info:    Checking defaults for OMS/cmsy/m/n on input line 6.
LaTeX Font Info:    ... okay on input line 6.
LaTeX Font Info:    Checking defaults for OT1/cmr/m/n on input line 6.
LaTeX Font Info:    ... okay on input line 6.
LaTeX Font Info:    Checking defaults for T1/cmr/m/n on input line 6.
LaTeX Font Info:    ... okay on input line 6.
LaTeX Font Info:    Checking defaults for TS1/cmr/m/n on input line 6.
LaTeX Font Info:    ... okay on input line 6.
LaTeX Font Info:    Checking defaults for OMX/cmex/m/n on input line 6.
LaTeX Font Info:    ... okay on input line 6.
LaTeX Font Info:    Checking defaults for U/cmr/m/n on input line 6.
LaTeX Font Info:    ... okay on input line 6.

(C:\Users\User\AppData\Local\Programs\MiKTeX\tex/context/base/mkii\supp-pdf.mki
i
[Loading MPS to PDF converter (version 2006.09.02).]
\scratchcounter=\count184
\scratchdimen=\dimen154
\scratchbox=\box50
\nofMPsegments=\count185
\nofMParguments=\count186
\everyMPshowfont=\toks18
\MPscratchCnt=\count187
\MPscratchDim=\dimen155
\MPnumerator=\count188
\makeMPintoPDFobject=\count189
\everyMPtoPDFconversion=\toks19
)
(C:\Users\User\AppData\Local\Programs\MiKTeX\tex/latex/epstopdf-pkg\epstopdf-ba
se.sty
Package: epstopdf-base 2020-01-24 v2.11 Base part for package epstopdf
Package epstopdf-base Info: Redefining graphics rule for `.eps' on input line 4
85.
)
*geometry* driver: auto-detecting
*geometry* detected driver: pdftex
*geometry* verbose mode - [ preamble ] result:
* driver: pdftex
* paper: <default>
* layout: <same size as paper>
* layoutoffset:(h,v)=(0.0pt,0.0pt)
* modes: 
* h-part:(L,W,R)=(92.14519pt, 430.00462pt, 92.14519pt)
* v-part:(T,H,B)=(95.39737pt, 556.47656pt, 143.09605pt)
* \paperwidth=614.295pt
* \paperheight=794.96999pt
* \textwidth=430.00462pt
* \textheight=556.47656pt
* \oddsidemargin=19.8752pt
* \evensidemargin=19.8752pt
* \topmargin=-13.87262pt
* \headheight=12.0pt
* \headsep=25.0pt
* \topskip=12.0pt
* \footskip=30.0pt
* \marginparwidth=44.0pt
* \marginparsep=10.0pt
* \columnsep=10.0pt
* \skip\footins=10.8pt plus 4.0pt minus 2.0pt
* \hoffset=0.0pt
* \voffset=0.0pt
* \mag=1000
* \@twocolumnfalse
* \@twosidefalse
* \@mparswitchfalse
* \@reversemarginfalse
* (1in=72.27pt=25.4mm, 1cm=28.453pt)

LaTeX Font Info:    External font `cmex10' loaded for size
(Font)              <14.4> on input line 12.
LaTeX Font Info:    External font `cmex10' loaded for size
(Font)              <7> on input line 12.
(797B_PS1_JL_1.log.tex) (797B_PS1_JL_2.log.tex [1

{C:/Users/User/AppData/Local/MiKTeX/pdftex/config/pdftex.map}])
LaTeX Font Info:    External font `cmex10' loaded for size
(Font)              <12> on input line 27.
LaTeX Font Info:    External font `cmex10' loaded for size
(Font)              <8> on input line 27.
LaTeX Font Info:    External font `cmex10' loaded for size
(Font)              <6> on input line 27.
 (797B_PS1_JL_3.log.tex)

pdfTeX warning: pdflatex.exe (file ./797B_PS1_JL_3.pdf): PDF inclusion: found P
DF version <1.6>, but at most version <1.5> allowed
<797B_PS1_JL_3.pdf, id=9, 397.485pt x 289.08pt>
File: 797B_PS1_JL_3.pdf Graphic file (type pdf)
<use 797B_PS1_JL_3.pdf>
Package pdftex.def Info: 797B_PS1_JL_3.pdf  used on input line 33.
(pdftex.def)             Requested size: 397.48402pt x 289.07928pt.
[2] [3 <./797B_PS1_JL_3.pdf>] (797B_PS1_JL.aux) ) 
Here is how much of TeX's memory you used:
 2161 strings out of 480790
 30521 string characters out of 2897770
 277159 words of memory out of 3000000
 18171 multiletter control sequences out of 15000+200000
 538374 words of font info for 43 fonts, out of 3000000 for 9000
 1141 hyphenation exceptions out of 8191
 30i,7n,25p,211b,382s stack positions out of 5000i,500n,10000p,200000b,50000s
<C:/Users/User/AppData/Local/P
rograms/MiKTeX/fonts/type1/public/amsfonts/cm/cmbx12.pfb><C:/Users/User/AppData
/Local/Programs/MiKTeX/fonts/type1/public/amsfonts/cm/cmmi12.pfb><C:/Users/User
/AppData/Local/Programs/MiKTeX/fonts/type1/public/amsfonts/cm/cmmi8.pfb><C:/Use
rs/User/AppData/Local/Programs/MiKTeX/fonts/type1/public/amsfonts/cm/cmr12.pfb>
<C:/Users/User/AppData/Local/Programs/MiKTeX/fonts/type1/public/amsfonts/cm/cmr
17.pfb><C:/Users/User/AppData/Local/Programs/MiKTeX/fonts/type1/public/amsfonts
/cm/cmsy6.pfb><C:/Users/User/AppData/Local/Programs/MiKTeX/fonts/type1/public/a
msfonts/cm/cmtt8.pfb>
Output written on 797B_PS1_JL.pdf (3 pages, 129967 bytes).
PDF statistics:
 51 PDF objects out of 1000 (max. 8388607)
 0 named destinations out of 1000 (max. 500000)
 6 words of extra memory for PDF output out of 10000 (max. 10000000)

